<?xml version="1.0" encoding="utf-8"?><testsuites name="pytest tests"><testsuite name="pytest" errors="0" failures="1" skipped="0" tests="64" time="69.694" timestamp="2026-07-19T02:18:38.237051+00:00" hostname="agent-env-69498485-934b-4198-86da-98b9c6d40638"><testcase classname="tests.backend_test.TestAuth" name="test_register_returns_token_and_user" time="0.448" /><testcase classname="tests.backend_test.TestAuth" name="test_register_duplicate" time="0.119" /><testcase classname="tests.backend_test.TestAuth" name="test_login_admin" time="0.343" /><testcase classname="tests.backend_test.TestAuth" name="test_login_wrong_password" time="0.348" /><testcase classname="tests.backend_test.TestAuth" name="test_me" time="0.124" /><testcase classname="tests.backend_test.TestAuth" name="test_me_no_token" time="0.113" /><testcase classname="tests.backend_test.TestAuth" name="test_update_profile" time="0.127" /><testcase classname="tests.backend_test.TestAuth" name="test_change_password_wrong_current" time="0.409" /><testcase classname="tests.backend_test.TestAuth" name="test_change_password_success" time="1.630" /><testcase classname="tests.backend_test.TestServicesPublic" name="test_list_services" time="0.115" /><testcase classname="tests.backend_test.TestAdminAuthorization" name="test_non_admin_forbidden" time="0.097" /><testcase classname="tests.backend_test.TestAdminUsers" name="test_list" time="0.118" /><testcase classname="tests.backend_test.TestAdminUsers" name="test_create_update_delete" time="0.546" /><testcase classname="tests.backend_test.TestAdminServices" name="test_service_crud_and_plan" time="0.743" /><testcase classname="tests.backend_test.TestSubscriptions" name="test_admin_list_has_join" time="0.549" /><testcase classname="tests.backend_test.TestSubscriptions" name="test_user_sees_own_subs" time="0.106" /><testcase classname="tests.backend_test.TestPayments" name="test_admin_list" time="1.215" /><testcase classname="tests.backend_test.TestPayments" name="test_user_sees_own_payments" time="0.141" /><testcase classname="tests.backend_test.TestPayments" name="test_update_status" time="0.144" /><testcase classname="tests.backend_test.TestPayments" name="test_upload_receipt_owner" time="0.106" /><testcase classname="tests.backend_test.TestPayments" name="test_upload_receipt_non_owner_forbidden" time="0.478" /><testcase classname="tests.backend_test.TestReminder" name="test_get_config" time="0.116" /><testcase classname="tests.backend_test.TestReminder" name="test_put_config" time="0.125" /><testcase classname="tests.backend_test.TestReminder" name="test_send_reminder_mocked" time="0.115" /><testcase classname="tests.backend_test.TestAdminStats" name="test_stats" time="0.114" /><testcase classname="tests.test_admin_v2.TestLogsEndpoint" name="test_admin_logs_ok" time="0.481" /><testcase classname="tests.test_admin_v2.TestLogsEndpoint" name="test_admin_logs_pagination" time="0.112" /><testcase classname="tests.test_admin_v2.TestLogsEndpoint" name="test_non_admin_forbidden" time="0.450" /><testcase classname="tests.test_admin_v2.TestActionsLogged" name="test_create_user_logged" time="0.732" /><testcase classname="tests.test_admin_v2.TestActionsLogged" name="test_create_delete_service_logged" time="0.317" /><testcase classname="tests.test_admin_v2.TestBulkDelete" name="test_bulk_delete_skips_admin" time="0.822" /><testcase classname="tests.test_admin_v2.TestBulkRemind" name="test_bulk_remind" time="1.584" /><testcase classname="tests.test_admin_v2.TestCsvExport" name="test_export_users_csv" time="0.233" /><testcase classname="tests.test_admin_v2.TestCsvExport" name="test_export_payments_csv" time="0.361" /><testcase classname="tests.test_admin_v2.TestScheduler" name="test_scheduler_run_now_empty_ok" time="0.238" /><testcase classname="tests.test_admin_v2.TestScheduler" name="test_scheduler_sends_and_dedupes" time="1.351" /><testcase classname="tests.test_iter3.TestXenditWebhook" name="test_ignored_when_not_pay_prefix" time="0.105" /><testcase classname="tests.test_iter3.TestXenditWebhook" name="test_invalid_payment_id" time="0.126" /><testcase classname="tests.test_iter3.TestXenditWebhook" name="test_paid_marks_payment" time="2.294" /><testcase classname="tests.test_iter3.TestXenditWebhook" name="test_expired_marks_overdue" time="1.102" /><testcase classname="tests.test_iter3.TestGoogleExchange" name="test_invalid_session_id_returns_401" time="0.199" /><testcase classname="tests.test_iter3.TestAnalytics" name="test_analytics_requires_admin" time="0.101" /><testcase classname="tests.test_iter3.TestAnalytics" name="test_analytics_structure" time="0.125" /><testcase classname="tests.test_iter3.TestBsonDates" name="test_due_date_returned_as_iso_string" time="1.332" /><testcase classname="tests.test_iter3.TestSchedulerDedupeBson" name="test_scheduler_dedupe_with_bson_dates" time="1.307" /><testcase classname="tests.test_iter4.TestReferralRegistration" name="test_register_without_referral" time="0.444"><failure message="AssertionError: assert ('PIU1Y8' and 6 == 8)&#10; +  where 6 = len('PIU1Y8')">backend/tests/test_iter4.py:68: in test_register_without_referral
    assert stats["referral_code"] and len(stats["referral_code"]) == 8
E   AssertionError: assert ('PIU1Y8' and 6 == 8)
E    +  where 6 = len('PIU1Y8')</failure></testcase><testcase classname="tests.test_iter4.TestReferralRegistration" name="test_register_with_referral_code" time="0.963" /><testcase classname="tests.test_iter4.TestReferralRewardFlow" name="test_admin_create_payment_returns_midtrans_fields" time="2.354" /><testcase classname="tests.test_iter4.TestReferralRewardFlow" name="test_mark_paid_credits_both_users" time="0.667" /><testcase classname="tests.test_iter4.TestReferralRewardFlow" name="test_idempotency_second_paid_doesnt_double_credit" time="1.631" /><testcase classname="tests.test_iter4.TestReferralRewardFlow" name="test_referral_credit_auto_applied_on_new_payment" time="3.660" /><testcase classname="tests.test_iter4.TestMidtransWebhook" name="test_webhook_invalid_signature" time="0.105" /><testcase classname="tests.test_iter4.TestMidtransWebhook" name="test_webhook_unknown_order_id_prefix" time="0.119" /><testcase classname="tests.test_iter4.TestMidtransWebhook" name="test_webhook_settlement_marks_paid" time="1.718" /><testcase classname="tests.test_iter4.TestAnalytics" name="test_analytics_structure" time="0.064" /><testcase classname="tests.test_iter5.TestLeaderboardPublic" name="test_leaderboard_shape_no_auth" time="0.123" /><testcase classname="tests.test_iter5.TestLeaderboardPublic" name="test_leaderboard_row_shape_and_ranks" time="0.115" /><testcase classname="tests.test_iter5.TestReferralStatsExtended" name="test_stats_include_new_fields" time="0.450" /><testcase classname="tests.test_iter5.TestTier1Grant" name="test_tier1_granted_after_5" time="8.495" /><testcase classname="tests.test_iter5.TestTier1Grant" name="test_referral_reward_row_tier1_created" time="0.135" /><testcase classname="tests.test_iter5.TestTier1Grant" name="test_maybe_grant_tier_is_idempotent" time="0.046" /><testcase classname="tests.test_iter5.TestFreeMonthConsumption" name="test_free_month_consumed_amount_zero" time="8.576" /><testcase classname="tests.test_iter5.TestTier2Grant" name="test_tier2_after_10" time="15.600" /><testcase classname="tests.test_iter5.TestExistingReferralUnaffected" name="test_cash_credit_flow_still_works" time="2.382" /></testsuite></testsuites>