<?xml version="1.0" encoding="utf-8"?><testsuites name="pytest tests"><testsuite name="pytest" errors="0" failures="0" skipped="0" tests="64" time="69.481" timestamp="2026-07-19T02:47:09.530546+00:00" hostname="agent-env-69498485-934b-4198-86da-98b9c6d40638"><testcase classname="tests.backend_test.TestAuth" name="test_register_returns_token_and_user" time="0.324" /><testcase classname="tests.backend_test.TestAuth" name="test_register_duplicate" time="0.123" /><testcase classname="tests.backend_test.TestAuth" name="test_login_admin" time="0.335" /><testcase classname="tests.backend_test.TestAuth" name="test_login_wrong_password" time="0.324" /><testcase classname="tests.backend_test.TestAuth" name="test_me" time="0.102" /><testcase classname="tests.backend_test.TestAuth" name="test_me_no_token" time="0.100" /><testcase classname="tests.backend_test.TestAuth" name="test_update_profile" time="0.137" /><testcase classname="tests.backend_test.TestAuth" name="test_change_password_wrong_current" time="0.322" /><testcase classname="tests.backend_test.TestAuth" name="test_change_password_success" time="1.444" /><testcase classname="tests.backend_test.TestServicesPublic" name="test_list_services" time="0.111" /><testcase classname="tests.backend_test.TestAdminAuthorization" name="test_non_admin_forbidden" time="0.100" /><testcase classname="tests.backend_test.TestAdminUsers" name="test_list" time="0.095" /><testcase classname="tests.backend_test.TestAdminUsers" name="test_create_update_delete" time="0.543" /><testcase classname="tests.backend_test.TestAdminServices" name="test_service_crud_and_plan" time="0.680" /><testcase classname="tests.backend_test.TestSubscriptions" name="test_admin_list_has_join" time="0.385" /><testcase classname="tests.backend_test.TestSubscriptions" name="test_user_sees_own_subs" time="0.110" /><testcase classname="tests.backend_test.TestPayments" name="test_admin_list" time="1.146" /><testcase classname="tests.backend_test.TestPayments" name="test_user_sees_own_payments" time="0.118" /><testcase classname="tests.backend_test.TestPayments" name="test_update_status" time="0.112" /><testcase classname="tests.backend_test.TestPayments" name="test_upload_receipt_owner" time="0.104" /><testcase classname="tests.backend_test.TestPayments" name="test_upload_receipt_non_owner_forbidden" time="0.449" /><testcase classname="tests.backend_test.TestReminder" name="test_get_config" time="0.096" /><testcase classname="tests.backend_test.TestReminder" name="test_put_config" time="0.099" /><testcase classname="tests.backend_test.TestReminder" name="test_send_reminder_mocked" time="0.442" /><testcase classname="tests.backend_test.TestAdminStats" name="test_stats" time="0.097" /><testcase classname="tests.test_admin_v2.TestLogsEndpoint" name="test_admin_logs_ok" time="0.454" /><testcase classname="tests.test_admin_v2.TestLogsEndpoint" name="test_admin_logs_pagination" time="0.117" /><testcase classname="tests.test_admin_v2.TestLogsEndpoint" name="test_non_admin_forbidden" time="0.443" /><testcase classname="tests.test_admin_v2.TestActionsLogged" name="test_create_user_logged" time="0.685" /><testcase classname="tests.test_admin_v2.TestActionsLogged" name="test_create_delete_service_logged" time="0.316" /><testcase classname="tests.test_admin_v2.TestBulkDelete" name="test_bulk_delete_skips_admin" time="0.778" /><testcase classname="tests.test_admin_v2.TestBulkRemind" name="test_bulk_remind" time="1.762" /><testcase classname="tests.test_admin_v2.TestCsvExport" name="test_export_users_csv" time="0.210" /><testcase classname="tests.test_admin_v2.TestCsvExport" name="test_export_payments_csv" time="0.269" /><testcase classname="tests.test_admin_v2.TestScheduler" name="test_scheduler_run_now_empty_ok" time="0.216" /><testcase classname="tests.test_admin_v2.TestScheduler" name="test_scheduler_sends_and_dedupes" time="1.482" /><testcase classname="tests.test_iter3.TestXenditWebhook" name="test_ignored_when_not_pay_prefix" time="0.112" /><testcase classname="tests.test_iter3.TestXenditWebhook" name="test_invalid_payment_id" time="0.097" /><testcase classname="tests.test_iter3.TestXenditWebhook" name="test_paid_marks_payment" time="2.320" /><testcase classname="tests.test_iter3.TestXenditWebhook" name="test_expired_marks_overdue" time="1.113" /><testcase classname="tests.test_iter3.TestGoogleExchange" name="test_invalid_session_id_returns_401" time="0.214" /><testcase classname="tests.test_iter3.TestAnalytics" name="test_analytics_requires_admin" time="0.101" /><testcase classname="tests.test_iter3.TestAnalytics" name="test_analytics_structure" time="0.100" /><testcase classname="tests.test_iter3.TestBsonDates" name="test_due_date_returned_as_iso_string" time="1.122" /><testcase classname="tests.test_iter3.TestSchedulerDedupeBson" name="test_scheduler_dedupe_with_bson_dates" time="1.678" /><testcase classname="tests.test_iter4.TestReferralRegistration" name="test_register_without_referral" time="0.422" /><testcase classname="tests.test_iter4.TestReferralRegistration" name="test_register_with_referral_code" time="0.965" /><testcase classname="tests.test_iter4.TestReferralRewardFlow" name="test_admin_create_payment_returns_midtrans_fields" time="2.163" /><testcase classname="tests.test_iter4.TestReferralRewardFlow" name="test_mark_paid_credits_both_users" time="0.653" /><testcase classname="tests.test_iter4.TestReferralRewardFlow" name="test_idempotency_second_paid_doesnt_double_credit" time="1.542" /><testcase classname="tests.test_iter4.TestReferralRewardFlow" name="test_referral_credit_auto_applied_on_new_payment" time="3.419" /><testcase classname="tests.test_iter4.TestMidtransWebhook" name="test_webhook_invalid_signature" time="0.112" /><testcase classname="tests.test_iter4.TestMidtransWebhook" name="test_webhook_unknown_order_id_prefix" time="0.093" /><testcase classname="tests.test_iter4.TestMidtransWebhook" name="test_webhook_settlement_marks_paid" time="1.531" /><testcase classname="tests.test_iter4.TestAnalytics" name="test_analytics_structure" time="0.053" /><testcase classname="tests.test_iter5.TestLeaderboardPublic" name="test_leaderboard_shape_no_auth" time="0.118" /><testcase classname="tests.test_iter5.TestLeaderboardPublic" name="test_leaderboard_row_shape_and_ranks" time="0.122" /><testcase classname="tests.test_iter5.TestReferralStatsExtended" name="test_stats_include_new_fields" time="0.470" /><testcase classname="tests.test_iter5.TestTier1Grant" name="test_tier1_granted_after_5" time="8.753" /><testcase classname="tests.test_iter5.TestTier1Grant" name="test_referral_reward_row_tier1_created" time="0.102" /><testcase classname="tests.test_iter5.TestTier1Grant" name="test_maybe_grant_tier_is_idempotent" time="0.048" /><testcase classname="tests.test_iter5.TestFreeMonthConsumption" name="test_free_month_consumed_amount_zero" time="8.378" /><testcase classname="tests.test_iter5.TestTier2Grant" name="test_tier2_after_10" time="15.987" /><testcase classname="tests.test_iter5.TestExistingReferralUnaffected" name="test_cash_credit_flow_still_works" time="2.975" /></testsuite></testsuites>