<?xml version="1.0" encoding="utf-8"?><testsuites name="pytest tests"><testsuite name="pytest" errors="0" failures="0" skipped="0" tests="16" time="6.044" timestamp="2026-07-19T05:18:29.213690+00:00" hostname="agent-env-69498485-934b-4198-86da-98b9c6d40638"><testcase classname="tests.test_iter12.TestRefactorEndpoints" name="test_payment_config_public" time="0.690" /><testcase classname="tests.test_iter12.TestPasswordReset" name="test_forgot_existing_and_nonexistent" time="1.361" /><testcase classname="tests.test_iter12.TestRefactorEndpoints" name="test_admin_payment_config_get_put" time="0.319" /><testcase classname="tests.test_iter12.TestRefactorEndpoints" name="test_admin_invoice_config_get_put" time="0.132" /><testcase classname="tests.test_iter12.TestRefactorEndpoints" name="test_admin_general_config_get_put" time="0.085" /><testcase classname="tests.test_iter12.TestRefactorEndpoints" name="test_users_template_csv" time="0.084" /><testcase classname="tests.test_iter12.TestDuration" name="test_create_payment_with_duration" time="0.456" /><testcase classname="tests.test_iter12.TestPasswordReset" name="test_reset_password_with_valid_token_flow" time="0.278" /><testcase classname="tests.test_iter12.TestPasswordReset" name="test_reset_password_short_pw_422" time="0.139" /><testcase classname="tests.test_iter12.TestDuration" name="test_mark_paid_extends_sub_and_revert" time="1.487" /><testcase classname="tests.test_iter12.TestPasswordReset" name="test_admin_reset_user_password" time="1.132" /><testcase classname="tests.test_iter12.TestPasswordReset" name="test_admin_reset_non_admin_forbidden" time="0.930" /><testcase classname="tests.test_iter12.TestDuration" name="test_upload_receipt_extends_by_duration" time="1.349" /><testcase classname="tests.test_iter12.TestTimezone" name="test_force_generate_now_sets_tz_and_period" time="0.365" /><testcase classname="tests.test_iter12.TestPaymentsFilter" name="test_filter_all_auto_manual" time="1.092" /><testcase classname="tests.test_iter12.TestDuration" name="test_second_payment_extends_from_prior_end" time="0.899" /></testsuite></testsuites>