<?xml version="1.0" encoding="utf-8"?><testsuites name="pytest tests"><testsuite name="pytest" errors="0" failures="0" skipped="0" tests="15" time="9.330" timestamp="2026-07-19T05:45:07.100261+00:00" hostname="agent-env-69498485-934b-4198-86da-98b9c6d40638"><testcase classname="tests.test_iter13.TestRenew" name="test_renew_own_subscription_defaults" time="1.585" /><testcase classname="tests.test_iter13.TestTestimonials" name="test_submit_requires_subscription" time="2.097" /><testcase classname="tests.test_iter13.TestRenew" name="test_renew_with_override_duration" time="1.088" /><testcase classname="tests.test_iter13.TestTestimonials" name="test_full_cycle" time="3.273" /><testcase classname="tests.test_iter13.TestRenew" name="test_renew_not_own_returns_404" time="1.211" /><testcase classname="tests.test_iter13.TestProfilePicture" name="test_set_and_clear" time="0.797" /><testcase classname="tests.test_iter13.TestProfilePicture" name="test_oversized_returns_413" time="0.965" /><testcase classname="tests.test_iter13.TestTestimonials" name="test_cross_user_edit_delete_returns_404" time="1.674" /><testcase classname="tests.test_iter13.TestProfilePicture" name="test_unauth_forbidden" time="0.291" /><testcase classname="tests.test_iter13.TestWARemoval" name="test_reminder_config_no_whatsapp" time="0.044" /><testcase classname="tests.test_iter13.TestWARemoval" name="test_send_reminder_response_no_whatsapp_key" time="1.104" /><testcase classname="tests.test_iter13.TestTestimonials" name="test_admin_delete" time="1.248" /><testcase classname="tests.test_iter13.TestInvoiceDuration" name="test_generated_invoice_uses_sub_duration" time="1.372" /><testcase classname="tests.test_iter13.TestExpiryWarningConfig" name="test_payment_config_includes_expiry_warning_days" time="0.111" /><testcase classname="tests.test_iter13.TestExpiryWarningConfig" name="test_update_expiry_warning_days_persists" time="0.371" /></testsuite></testsuites>