<?xml version="1.0" encoding="utf-8"?><testsuites name="pytest tests"><testsuite name="pytest" errors="0" failures="0" skipped="0" tests="16" time="13.524" timestamp="2026-07-19T09:54:49.240812+00:00" hostname="agent-env-69498485-934b-4198-86da-98b9c6d40638"><testcase classname="tests.test_iter18.TestVerifyEmailIdempotent" name="test_idempotent_double_verify" time="1.222" /><testcase classname="tests.test_iter18.TestVerifyEmailIdempotent" name="test_expired_token" time="0.595" /><testcase classname="tests.test_iter18.TestVerifyEmailIdempotent" name="test_invalid_token" time="0.095" /><testcase classname="tests.test_iter18.TestAdminManualVerify" name="test_admin_verify_and_idempotent" time="1.187" /><testcase classname="tests.test_iter18.TestAdminManualVerify" name="test_non_admin_cannot_manual_verify" time="1.415" /><testcase classname="tests.test_iter18.TestJoinSubscription" name="test_join_and_duplicate" time="1.444" /><testcase classname="tests.test_iter18.TestJoinSubscription" name="test_join_below_min_duration" time="1.330" /><testcase classname="tests.test_iter18.TestJoinSubscription" name="test_join_invalid_service" time="1.183" /><testcase classname="tests.test_iter18.TestOnboardingLabel" name="test_first_payment_label_and_done" time="1.512" /><testcase classname="tests.test_iter18.TestWelcomeRetry" name="test_retry_function_callable" time="0.446" /><testcase classname="tests.test_iter18.TestWelcomeRetry" name="test_user_out_still_ok" time="0.123" /><testcase classname="tests.test_iter18.TestRegression" name="test_login_admin" time="0.332" /><testcase classname="tests.test_iter18.TestRegression" name="test_register_flow" time="0.490" /><testcase classname="tests.test_iter18.TestRegression" name="test_services" time="0.100" /><testcase classname="tests.test_iter18.TestRegression" name="test_admin_users_and_create" time="0.425" /><testcase classname="tests.test_iter18.TestRegression" name="test_renew" time="1.443" /></testsuite></testsuites>