<?xml version="1.0" encoding="utf-8"?><testsuites name="pytest tests"><testsuite name="pytest" errors="0" failures="0" skipped="0" tests="18" time="6.632" timestamp="2026-07-19T04:06:52.101766+00:00" hostname="agent-env-69498485-934b-4198-86da-98b9c6d40638"><testcase classname="tests.test_iter10.TestPaymentConfig" name="test_public_get_defaults" time="0.331" /><testcase classname="tests.test_iter10.TestPaymentConfig" name="test_admin_get" time="0.517" /><testcase classname="tests.test_iter10.TestPaymentConfig" name="test_user_cannot_put" time="0.469" /><testcase classname="tests.test_iter10.TestPaymentConfig" name="test_admin_put_updates" time="0.457" /><testcase classname="tests.test_iter10.TestCreateAdmin" name="test_weak_password_rejected" time="0.109" /><testcase classname="tests.test_iter10.TestCreateAdmin" name="test_non_admin_forbidden" time="0.102" /><testcase classname="tests.test_iter10.TestCreateAdmin" name="test_creates_admin" time="0.514" /><testcase classname="tests.test_iter10.TestChooseMethod" name="test_admin_create_payment_no_snap" time="0.313" /><testcase classname="tests.test_iter10.TestChooseMethod" name="test_choose_qris" time="0.103" /><testcase classname="tests.test_iter10.TestChooseMethod" name="test_switch_to_midtrans" time="1.047" /><testcase classname="tests.test_iter10.TestChooseMethod" name="test_unknown_method" time="0.149" /><testcase classname="tests.test_iter10.TestChooseMethod" name="test_other_users_payment_forbidden" time="0.438" /><testcase classname="tests.test_iter10.TestReceiptAutoApprove" name="test_upload_receipt_auto_paid" time="0.430" /><testcase classname="tests.test_iter10.TestPartialSubUpdate" name="test_partial_status" time="0.101" /><testcase classname="tests.test_iter10.TestPartialSubUpdate" name="test_partial_price_only" time="0.129" /><testcase classname="tests.test_iter10.TestPartialSubUpdate" name="test_partial_status_back_to_active" time="0.103" /><testcase classname="tests.test_iter10.TestOrphanCleanup" name="test_no_orphan_user_id_zero" time="0.261" /><testcase classname="tests.test_iter10.TestAdminSeedNoForceReset" name="test_admin_login_ok" time="0.841" /></testsuite></testsuites>