<?xml version="1.0" encoding="utf-8"?><testsuites name="pytest tests"><testsuite name="pytest" errors="0" failures="0" skipped="0" tests="97" time="92.104" timestamp="2026-07-19T03:47:18.509614+00:00" hostname="agent-env-69498485-934b-4198-86da-98b9c6d40638"><testcase classname="tests.backend_test.TestAuth" name="test_register_returns_token_and_user" time="0.463" /><testcase classname="tests.backend_test.TestAuth" name="test_register_duplicate" time="0.107" /><testcase classname="tests.backend_test.TestAuth" name="test_login_admin" time="0.362" /><testcase classname="tests.backend_test.TestAuth" name="test_login_wrong_password" time="0.319" /><testcase classname="tests.backend_test.TestAuth" name="test_me" time="0.095" /><testcase classname="tests.backend_test.TestAuth" name="test_me_no_token" time="0.106" /><testcase classname="tests.backend_test.TestAuth" name="test_update_profile" time="0.101" /><testcase classname="tests.backend_test.TestAuth" name="test_change_password_wrong_current" time="0.326" /><testcase classname="tests.backend_test.TestAuth" name="test_change_password_success" time="1.446" /><testcase classname="tests.backend_test.TestServicesPublic" name="test_list_services" time="0.105" /><testcase classname="tests.backend_test.TestAdminAuthorization" name="test_non_admin_forbidden" time="0.096" /><testcase classname="tests.backend_test.TestAdminUsers" name="test_list" time="0.101" /><testcase classname="tests.backend_test.TestAdminUsers" name="test_create_update_delete" time="0.532" /><testcase classname="tests.backend_test.TestAdminServices" name="test_service_crud_and_plan" time="0.624" /><testcase classname="tests.backend_test.TestSubscriptions" name="test_admin_list_has_join" time="0.427" /><testcase classname="tests.backend_test.TestSubscriptions" name="test_user_sees_own_subs" time="0.153" /><testcase classname="tests.backend_test.TestPayments" name="test_admin_list" time="1.375" /><testcase classname="tests.backend_test.TestPayments" name="test_user_sees_own_payments" time="0.106" /><testcase classname="tests.backend_test.TestPayments" name="test_update_status" time="0.108" /><testcase classname="tests.backend_test.TestPayments" name="test_upload_receipt_owner" time="0.101" /><testcase classname="tests.backend_test.TestPayments" name="test_upload_receipt_non_owner_forbidden" time="0.420" /><testcase classname="tests.backend_test.TestReminder" name="test_get_config" time="0.101" /><testcase classname="tests.backend_test.TestReminder" name="test_put_config" time="0.105" /><testcase classname="tests.backend_test.TestReminder" name="test_send_reminder_mocked" time="0.634" /><testcase classname="tests.backend_test.TestAdminStats" name="test_stats" time="0.109" /><testcase classname="tests.test_admin_v2.TestLogsEndpoint" name="test_admin_logs_ok" time="0.433" /><testcase classname="tests.test_admin_v2.TestLogsEndpoint" name="test_admin_logs_pagination" time="0.097" /><testcase classname="tests.test_admin_v2.TestLogsEndpoint" name="test_non_admin_forbidden" time="0.437" /><testcase classname="tests.test_admin_v2.TestActionsLogged" name="test_create_user_logged" time="0.668" /><testcase classname="tests.test_admin_v2.TestActionsLogged" name="test_create_delete_service_logged" time="0.357" /><testcase classname="tests.test_admin_v2.TestBulkDelete" name="test_bulk_delete_skips_admin" time="0.791" /><testcase classname="tests.test_admin_v2.TestBulkRemind" name="test_bulk_remind" time="1.714" /><testcase classname="tests.test_admin_v2.TestCsvExport" name="test_export_users_csv" time="0.222" /><testcase classname="tests.test_admin_v2.TestCsvExport" name="test_export_payments_csv" time="0.326" /><testcase classname="tests.test_admin_v2.TestScheduler" name="test_scheduler_run_now_empty_ok" time="0.215" /><testcase classname="tests.test_admin_v2.TestScheduler" name="test_scheduler_sends_and_dedupes" time="1.475" /><testcase classname="tests.test_iter3.TestXenditWebhook" name="test_ignored_when_not_pay_prefix" time="0.098" /><testcase classname="tests.test_iter3.TestXenditWebhook" name="test_invalid_payment_id" time="0.105" /><testcase classname="tests.test_iter3.TestXenditWebhook" name="test_paid_marks_payment" time="2.250" /><testcase classname="tests.test_iter3.TestXenditWebhook" name="test_expired_marks_overdue" time="1.110" /><testcase classname="tests.test_iter3.TestGoogleExchange" name="test_invalid_session_id_returns_401" time="0.187" /><testcase classname="tests.test_iter3.TestAnalytics" name="test_analytics_requires_admin" time="0.108" /><testcase classname="tests.test_iter3.TestAnalytics" name="test_analytics_structure" time="0.122" /><testcase classname="tests.test_iter3.TestBsonDates" name="test_due_date_returned_as_iso_string" time="1.249" /><testcase classname="tests.test_iter3.TestSchedulerDedupeBson" name="test_scheduler_dedupe_with_bson_dates" time="1.733" /><testcase classname="tests.test_iter4.TestReferralRegistration" name="test_register_without_referral" time="0.428" /><testcase classname="tests.test_iter4.TestReferralRegistration" name="test_register_with_referral_code" time="0.875" /><testcase classname="tests.test_iter4.TestReferralRewardFlow" name="test_admin_create_payment_returns_midtrans_fields" time="2.094" /><testcase classname="tests.test_iter4.TestReferralRewardFlow" name="test_mark_paid_credits_both_users" time="0.645" /><testcase classname="tests.test_iter4.TestReferralRewardFlow" name="test_idempotency_second_paid_doesnt_double_credit" time="1.559" /><testcase classname="tests.test_iter4.TestReferralRewardFlow" name="test_referral_credit_auto_applied_on_new_payment" time="3.471" /><testcase classname="tests.test_iter4.TestMidtransWebhook" name="test_webhook_invalid_signature" time="0.140" /><testcase classname="tests.test_iter4.TestMidtransWebhook" name="test_webhook_unknown_order_id_prefix" time="0.098" /><testcase classname="tests.test_iter4.TestMidtransWebhook" name="test_webhook_settlement_marks_paid" time="1.907" /><testcase classname="tests.test_iter4.TestAnalytics" name="test_analytics_structure" time="0.064" /><testcase classname="tests.test_iter5.TestLeaderboardPublic" name="test_leaderboard_shape_no_auth" time="0.104" /><testcase classname="tests.test_iter5.TestLeaderboardPublic" name="test_leaderboard_row_shape_and_ranks" time="0.105" /><testcase classname="tests.test_iter5.TestReferralStatsExtended" name="test_stats_include_new_fields" time="0.418" /><testcase classname="tests.test_iter5.TestTier1Grant" name="test_tier1_granted_after_5" time="8.801" /><testcase classname="tests.test_iter5.TestTier1Grant" name="test_referral_reward_row_tier1_created" time="0.109" /><testcase classname="tests.test_iter5.TestTier1Grant" name="test_maybe_grant_tier_is_idempotent" time="0.056" /><testcase classname="tests.test_iter5.TestFreeMonthConsumption" name="test_free_month_consumed_amount_zero" time="8.337" /><testcase classname="tests.test_iter5.TestTier2Grant" name="test_tier2_after_10" time="15.756" /><testcase classname="tests.test_iter5.TestExistingReferralUnaffected" name="test_cash_credit_flow_still_works" time="2.450" /><testcase classname="tests.test_iter6.TestRouterSplitRegression" name="test_admin_analytics_shape" time="0.382" /><testcase classname="tests.test_iter6.TestRouterSplitRegression" name="test_referral_stats_shape" time="0.053" /><testcase classname="tests.test_iter6.TestRouterSplitRegression" name="test_leaderboard_public_no_auth" time="0.106" /><testcase classname="tests.test_iter6.TestRouterSplitRegression" name="test_xendit_webhook_invalid_token" time="0.105" /><testcase classname="tests.test_iter6.TestRouterSplitRegression" name="test_midtrans_webhook_invalid_signature" time="0.090" /><testcase classname="tests.test_iter6.TestRouterSplitRegression" name="test_midtrans_webhook_unknown_order_ignored" time="0.095" /><testcase classname="tests.test_iter6.TestOnboarding" name="test_new_user_percent_40" time="0.412" /><testcase classname="tests.test_iter6.TestOnboarding" name="test_new_user_no_whatsapp_percent_20" time="0.502" /><testcase classname="tests.test_iter6.TestOnboarding" name="test_first_payment_flips_step" time="1.468" /><testcase classname="tests.test_iter6.TestAdminCleanup" name="test_non_admin_forbidden" time="0.430" /><testcase classname="tests.test_iter6.TestAdminCleanup" name="test_cleanup_deletes_and_preserves_admin" time="0.699" /><testcase classname="tests.test_iter6_retest.TestOrganicFirstPayment" name="test_organic_user_first_payment_flips" time="1.730" /><testcase classname="tests.test_iter6_retest.TestReferralRewards" name="test_referred_user_credits_both" time="1.980" /><testcase classname="tests.test_iter6_retest.TestReferralRewards" name="test_second_payment_is_idempotent" time="3.698" /><testcase classname="tests.test_iter7.TestRaceSafeFirstPaid" name="test_parallel_paid_grants_reward_once" time="2.506" /><testcase classname="tests.test_iter7.TestGroupsCRUD" name="test_group_crud_and_credential" time="1.125" /><testcase classname="tests.test_iter7.TestGroupsCRUD" name="test_non_admin_cannot_access_credential" time="0.415" /><testcase classname="tests.test_iter7.TestMyGroups" name="test_user_sees_group_with_credential" time="0.648" /><testcase classname="tests.test_iter7.TestMyGroups" name="test_user_without_group_empty" time="0.436" /><testcase classname="tests.test_iter7.TestMyGroups" name="test_group_no_credential_returns_null" time="0.622" /><testcase classname="tests.test_iter7.TestSubGroupIdAssign" name="test_patch_sub_with_group_id" time="0.606" /><testcase classname="tests.test_iter7.TestPublicAvailability" name="test_availability_unauth" time="0.111" /><testcase classname="tests.test_iter7.TestWaitlist" name="test_waitlist_create_list_delete" time="0.655" /><testcase classname="tests.test_iter8.TestRouterExtraction" name="test_admin_list_groups_works" time="0.382" /><testcase classname="tests.test_iter8.TestRouterExtraction" name="test_public_availability_works" time="0.110" /><testcase classname="tests.test_iter8.TestRouterExtraction" name="test_waitlist_post_no_auth" time="0.146" /><testcase classname="tests.test_iter8.TestRouterExtraction" name="test_admin_waitlist_list_gated" time="0.094" /><testcase classname="tests.test_iter8.TestGroupStatusExpires" name="test_create_with_status_and_expires" time="0.153" /><testcase classname="tests.test_iter8.TestSuggest" name="test_suggest_returns_available_groups" time="0.142" /><testcase classname="tests.test_iter8.TestSuggest" name="test_suggest_excludes_paused" time="0.145" /><testcase classname="tests.test_iter8.TestWaitlistStatus" name="test_patch_status_contacted" time="0.332" /><testcase classname="tests.test_iter8.TestSchedulerH7" name="test_h7_reminder_marks_and_logs_idempotent" time="0.263" /><testcase classname="tests.test_iter8.TestE2ENetflixFlow" name="test_full_flow" time="1.781" /></testsuite></testsuites>