<?xml version="1.0" encoding="utf-8"?><testsuites name="pytest tests"><testsuite name="pytest" errors="0" failures="0" skipped="0" tests="15" time="46.264" timestamp="2026-07-19T10:18:04.367825+00:00" hostname="agent-env-69498485-934b-4198-86da-98b9c6d40638"><testcase classname="tests.test_iter19.TestAnnualBonus12" name="test_12_months_bonus_response" time="1.705" /><testcase classname="tests.test_iter19.TestAnnualBonus12" name="test_non_12_no_bonus[1]" time="1.299" /><testcase classname="tests.test_iter19.TestAnnualBonus12" name="test_non_12_no_bonus[3]" time="16.661" /><testcase classname="tests.test_iter19.TestAnnualBonus12" name="test_non_12_no_bonus[6]" time="17.947" /><testcase classname="tests.test_iter19.TestFrontendUrl" name="test_env_is_https_not_localhost" time="0.000" /><testcase classname="tests.test_iter19.TestFrontendUrl" name="test_send_verification_email_uses_https" time="0.250" /><testcase classname="tests.test_iter19.TestReferralTiers" name="test_stats_tiers_shape" time="1.315" /><testcase classname="tests.test_iter19.TestTTLIndexes" name="test_email_verifications_ttl" time="0.001" /><testcase classname="tests.test_iter19.TestTTLIndexes" name="test_password_resets_ttl" time="0.001" /><testcase classname="tests.test_iter19.TestRegressionIter18" name="test_verify_email_idempotent" time="0.865" /><testcase classname="tests.test_iter19.TestRegressionIter18" name="test_admin_verify_email" time="0.755" /><testcase classname="tests.test_iter19.TestRegressionIter18" name="test_basic_1_month_join" time="1.254" /><testcase classname="tests.test_iter19.TestRegressionIter18" name="test_duplicate_join_blocked" time="1.408" /><testcase classname="tests.test_iter19.TestRegressionIter18" name="test_invalid_service_404" time="1.205" /><testcase classname="tests.test_iter19.TestRegressionIter18" name="test_onboarding_first_payment_label" time="1.470" /></testsuite></testsuites>