<?xml version="1.0" encoding="utf-8"?><testsuites name="pytest tests"><testsuite name="pytest" errors="0" failures="0" skipped="0" tests="12" time="4.956" timestamp="2026-07-19T07:39:12.455848+00:00" hostname="agent-env-69498485-934b-4198-86da-98b9c6d40638"><testcase classname="tests.test_iter17_welcome_email" name="test_public_backend_reachable" time="0.005" /><testcase classname="tests.test_iter17_welcome_email" name="test_verify_email_success_marks_welcome_and_referral" time="0.674" /><testcase classname="tests.test_iter17_welcome_email" name="test_verify_email_token_reuse_fails" time="0.579" /><testcase classname="tests.test_iter17_welcome_email" name="test_verify_email_empty_name_does_not_crash" time="0.401" /><testcase classname="tests.test_iter17_welcome_email" name="test_register_still_works" time="0.357" /><testcase classname="tests.test_iter17_welcome_email" name="test_login_works_after_verify" time="0.736" /><testcase classname="tests.test_iter17_welcome_email" name="test_login_admin_still_works" time="0.228" /><testcase classname="tests.test_iter17_welcome_email" name="test_resend_verification_returns_ok_uniform" time="0.399" /><testcase classname="tests.test_iter17_welcome_email" name="test_resend_verification_for_unknown_email_uniform" time="0.003" /><testcase classname="tests.test_iter17_welcome_email" name="test_forgot_password_endpoint_exists" time="0.563" /><testcase classname="tests.test_iter17_welcome_email" name="test_verify_email_invalid_token" time="0.003" /><testcase classname="tests.test_iter17_welcome_email" name="test_zzz_cleanup" time="0.002" /></testsuite></testsuites>