<?xml version="1.0" encoding="utf-8"?><testsuites name="pytest tests"><testsuite name="pytest" errors="0" failures="0" skipped="0" tests="11" time="4.868" timestamp="2026-07-19T02:55:18.300027+00:00" hostname="agent-env-69498485-934b-4198-86da-98b9c6d40638"><testcase classname="tests.test_iter6.TestRouterSplitRegression" name="test_admin_analytics_shape" time="0.567" /><testcase classname="tests.test_iter6.TestRouterSplitRegression" name="test_referral_stats_shape" time="0.048" /><testcase classname="tests.test_iter6.TestRouterSplitRegression" name="test_leaderboard_public_no_auth" time="0.110" /><testcase classname="tests.test_iter6.TestRouterSplitRegression" name="test_xendit_webhook_invalid_token" time="0.107" /><testcase classname="tests.test_iter6.TestRouterSplitRegression" name="test_midtrans_webhook_invalid_signature" time="0.110" /><testcase classname="tests.test_iter6.TestRouterSplitRegression" name="test_midtrans_webhook_unknown_order_ignored" time="0.118" /><testcase classname="tests.test_iter6.TestOnboarding" name="test_new_user_percent_40" time="0.448" /><testcase classname="tests.test_iter6.TestOnboarding" name="test_new_user_no_whatsapp_percent_20" time="0.548" /><testcase classname="tests.test_iter6.TestOnboarding" name="test_first_payment_flips_step" time="1.593" /><testcase classname="tests.test_iter6.TestAdminCleanup" name="test_non_admin_forbidden" time="0.447" /><testcase classname="tests.test_iter6.TestAdminCleanup" name="test_cleanup_deletes_and_preserves_admin" time="0.715" /></testsuite></testsuites>