<?xml version="1.0" encoding="utf-8"?><testsuites name="pytest tests"><testsuite name="pytest" errors="0" failures="1" skipped="0" tests="10" time="3.827" timestamp="2026-07-19T03:41:36.828762+00:00" hostname="agent-env-69498485-934b-4198-86da-98b9c6d40638"><testcase classname="tests.test_iter8.TestRouterExtraction" name="test_admin_list_groups_works" time="0.588" /><testcase classname="tests.test_iter8.TestRouterExtraction" name="test_public_availability_works" time="0.137" /><testcase classname="tests.test_iter8.TestRouterExtraction" name="test_waitlist_post_no_auth" time="0.154" /><testcase classname="tests.test_iter8.TestRouterExtraction" name="test_admin_waitlist_list_gated" time="0.149" /><testcase classname="tests.test_iter8.TestGroupStatusExpires" name="test_create_with_status_and_expires" time="0.151" /><testcase classname="tests.test_iter8.TestSuggest" name="test_suggest_returns_available_groups" time="0.161" /><testcase classname="tests.test_iter8.TestSuggest" name="test_suggest_excludes_paused" time="0.147" /><testcase classname="tests.test_iter8.TestWaitlistStatus" name="test_patch_status_contacted" time="0.295" /><testcase classname="tests.test_iter8.TestSchedulerH7" name="test_h7_reminder_marks_and_logs_idempotent" time="0.249" /><testcase classname="tests.test_iter8.TestE2ENetflixFlow" name="test_full_flow" time="1.552"><failure message="AssertionError: {&quot;detail&quot;:[{&quot;type&quot;:&quot;missing&quot;,&quot;loc&quot;:[&quot;body&quot;,&quot;user_id&quot;],&quot;msg&quot;:&quot;Field required&quot;,&quot;input&quot;:{&quot;group_id&quot;:&quot;6a5c4773bd47bd72929ffba6&quot;},&quot;url&quot;:&quot;https://errors.pydantic.dev/2.13/v/missing&quot;},{&quot;type&quot;:&quot;missing&quot;,&quot;loc&quot;:[&quot;body&quot;,&quot;service_id&quot;],&quot;msg&quot;:&quot;Field required&quot;,&quot;input&quot;:{&quot;group_id&quot;:&quot;6a5c4773bd47bd72929ffba6&quot;},&quot;url&quot;:&quot;https://errors.pydantic.dev/2.13/v/missing&quot;},{&quot;type&quot;:&quot;missing&quot;,&quot;loc&quot;:[&quot;body&quot;,&quot;start_date&quot;],&quot;msg&quot;:&quot;Field required&quot;,&quot;input&quot;:{&quot;group_id&quot;:&quot;6a5c4773bd47bd72929ffba6&quot;},&quot;url&quot;:&quot;https://errors.pydantic.dev/2.13/v/missing&quot;},{&quot;type&quot;:&quot;missing&quot;,&quot;loc&quot;:[&quot;body&quot;,&quot;price&quot;],&quot;msg&quot;:&quot;Field required&quot;,&quot;input&quot;:{&quot;group_id&quot;:&quot;6a5c4773bd47bd72929ffba6&quot;},&quot;url&quot;:&quot;https://errors.pydantic.dev/2.13/v/missing&quot;}]}&#10;assert 422 == 200&#10; +  where 422 = &lt;Response [422]&gt;.status_code">backend/tests/test_iter8.py:242: in test_full_flow
    assert pr.status_code == 200, pr.text
E   AssertionError: {"detail":[{"type":"missing","loc":["body","user_id"],"msg":"Field required","input":{"group_id":"6a5c4773bd47bd72929ffba6"},"url":"https://errors.pydantic.dev/2.13/v/missing"},{"type":"missing","loc":["body","service_id"],"msg":"Field required","input":{"group_id":"6a5c4773bd47bd72929ffba6"},"url":"https://errors.pydantic.dev/2.13/v/missing"},{"type":"missing","loc":["body","start_date"],"msg":"Field required","input":{"group_id":"6a5c4773bd47bd72929ffba6"},"url":"https://errors.pydantic.dev/2.13/v/missing"},{"type":"missing","loc":["body","price"],"msg":"Field required","input":{"group_id":"6a5c4773bd47bd72929ffba6"},"url":"https://errors.pydantic.dev/2.13/v/missing"}]}
E   assert 422 == 200
E    +  where 422 = &lt;Response [422]&gt;.status_code</failure></testcase></testsuite></testsuites>