<?xml version="1.0" encoding="utf-8"?><testsuites name="pytest tests"><testsuite name="pytest" errors="0" failures="1" skipped="0" tests="9" time="8.020" timestamp="2026-07-19T03:19:43.254849+00:00" hostname="agent-env-69498485-934b-4198-86da-98b9c6d40638"><testcase classname="tests.test_iter7.TestRaceSafeFirstPaid" name="test_parallel_paid_grants_reward_once" time="3.116" /><testcase classname="tests.test_iter7.TestGroupsCRUD" name="test_group_crud_and_credential" time="1.196" /><testcase classname="tests.test_iter7.TestGroupsCRUD" name="test_non_admin_cannot_access_credential" time="0.436" /><testcase classname="tests.test_iter7.TestMyGroups" name="test_user_sees_group_with_credential" time="0.699" /><testcase classname="tests.test_iter7.TestMyGroups" name="test_user_without_group_empty" time="0.543" /><testcase classname="tests.test_iter7.TestMyGroups" name="test_group_no_credential_returns_null" time="0.986" /><testcase classname="tests.test_iter7.TestSubGroupIdAssign" name="test_patch_sub_with_group_id" time="0.696" /><testcase classname="tests.test_iter7.TestPublicAvailability" name="test_availability_unauth" time="0.124" /><testcase classname="tests.test_iter7.TestWaitlist" name="test_waitlist_create_list_delete" time="0.142"><failure message="AssertionError: {&quot;detail&quot;:[{&quot;type&quot;:&quot;value_error&quot;,&quot;loc&quot;:[&quot;body&quot;,&quot;email&quot;],&quot;msg&quot;:&quot;value is not a valid email address: The part after the @-sign is a special-use or reserved name that cannot be used with email.&quot;,&quot;input&quot;:&quot;iter7_waitlist@test.local&quot;,&quot;ctx&quot;:{&quot;reason&quot;:&quot;The part after the @-sign is a special-use or reserved name that cannot be used with email.&quot;}}]}&#10;assert 422 == 200&#10; +  where 422 = &lt;Response [422]&gt;.status_code">backend/tests/test_iter7.py:287: in test_waitlist_create_list_delete
    assert r.status_code == 200, r.text
E   AssertionError: {"detail":[{"type":"value_error","loc":["body","email"],"msg":"value is not a valid email address: The part after the @-sign is a special-use or reserved name that cannot be used with email.","input":"iter7_waitlist@test.local","ctx":{"reason":"The part after the @-sign is a special-use or reserved name that cannot be used with email."}}]}
E   assert 422 == 200
E    +  where 422 = &lt;Response [422]&gt;.status_code</failure></testcase></testsuite></testsuites>