<?xml version="1.0" encoding="utf-8"?><testsuites name="pytest tests"><testsuite name="pytest" errors="0" failures="0" skipped="0" tests="9" time="5.115" timestamp="2026-07-19T07:00:55.958163+00:00" hostname="agent-env-69498485-934b-4198-86da-98b9c6d40638"><testcase classname="tests.test_iter15.TestSEO" name="test_robots_txt" time="0.338" /><testcase classname="tests.test_iter15.TestSEO" name="test_sitemap_xml_static_urls" time="0.136" /><testcase classname="tests.test_iter15.TestSEO" name="test_sitemap_includes_published_post" time="0.546" /><testcase classname="tests.test_iter15.TestUnassignedUsers" name="test_admin_returns_list" time="0.438" /><testcase classname="tests.test_iter15.TestUnassignedUsers" name="test_non_admin_forbidden" time="0.416" /><testcase classname="tests.test_iter15.TestAutoAssign" name="test_auto_create_group_and_assign_when_no_group_exists" time="0.695" /><testcase classname="tests.test_iter15.TestAutoAssign" name="test_assign_to_existing_group_with_slot" time="0.633" /><testcase classname="tests.test_iter15.TestAutoAssign" name="test_idempotency_no_new_group_on_repeat" time="0.725" /><testcase classname="tests.test_iter15.TestRoleValidation" name="test_promote_host_conflict_and_resolution" time="1.049" /></testsuite></testsuites>