<?xml version="1.0" encoding="utf-8"?><testsuites name="pytest tests"><testsuite name="pytest" errors="0" failures="2" skipped="0" tests="87" time="146.062" timestamp="2026-07-19T03:20:05.768559+00:00" hostname="agent-env-69498485-934b-4198-86da-98b9c6d40638"><testcase classname="tests.backend_test.TestAuth" name="test_register_returns_token_and_user" time="0.410" /><testcase classname="tests.backend_test.TestAuth" name="test_register_duplicate" time="0.116" /><testcase classname="tests.backend_test.TestAuth" name="test_login_admin" time="0.328" /><testcase classname="tests.backend_test.TestAuth" name="test_login_wrong_password" time="0.324" /><testcase classname="tests.backend_test.TestAuth" name="test_me" time="0.133" /><testcase classname="tests.backend_test.TestAuth" name="test_me_no_token" time="0.099" /><testcase classname="tests.backend_test.TestAuth" name="test_update_profile" time="0.095" /><testcase classname="tests.backend_test.TestAuth" name="test_change_password_wrong_current" time="0.350" /><testcase classname="tests.backend_test.TestAuth" name="test_change_password_success" time="1.413" /><testcase classname="tests.backend_test.TestServicesPublic" name="test_list_services" time="0.098" /><testcase classname="tests.backend_test.TestAdminAuthorization" name="test_non_admin_forbidden" time="0.103" /><testcase classname="tests.backend_test.TestAdminUsers" name="test_list" time="0.098" /><testcase classname="tests.backend_test.TestAdminUsers" name="test_create_update_delete" time="0.547" /><testcase classname="tests.backend_test.TestAdminServices" name="test_service_crud_and_plan" time="0.649" /><testcase classname="tests.backend_test.TestSubscriptions" name="test_admin_list_has_join" time="0.380" /><testcase classname="tests.backend_test.TestSubscriptions" name="test_user_sees_own_subs" time="0.137" /><testcase classname="tests.backend_test.TestPayments" name="test_admin_list" time="1.119" /><testcase classname="tests.backend_test.TestPayments" name="test_user_sees_own_payments" time="0.106" /><testcase classname="tests.backend_test.TestPayments" name="test_update_status" time="0.117" /><testcase classname="tests.backend_test.TestPayments" name="test_upload_receipt_owner" time="0.198" /><testcase classname="tests.backend_test.TestPayments" name="test_upload_receipt_non_owner_forbidden" time="0.492" /><testcase classname="tests.backend_test.TestReminder" name="test_get_config" time="0.113" /><testcase classname="tests.backend_test.TestReminder" name="test_put_config" time="0.119" /><testcase classname="tests.backend_test.TestReminder" name="test_send_reminder_mocked" time="0.679" /><testcase classname="tests.backend_test.TestAdminStats" name="test_stats" time="0.149" /><testcase classname="tests.test_admin_v2.TestLogsEndpoint" name="test_admin_logs_ok" time="0.459" /><testcase classname="tests.test_admin_v2.TestLogsEndpoint" name="test_admin_logs_pagination" time="0.096" /><testcase classname="tests.test_admin_v2.TestLogsEndpoint" name="test_non_admin_forbidden" time="0.438" /><testcase classname="tests.test_admin_v2.TestActionsLogged" name="test_create_user_logged" time="0.692" /><testcase classname="tests.test_admin_v2.TestActionsLogged" name="test_create_delete_service_logged" time="0.362" /><testcase classname="tests.test_admin_v2.TestBulkDelete" name="test_bulk_delete_skips_admin" time="0.862" /><testcase classname="tests.test_admin_v2.TestBulkRemind" name="test_bulk_remind" time="1.823" /><testcase classname="tests.test_admin_v2.TestCsvExport" name="test_export_users_csv" time="0.224" /><testcase classname="tests.test_admin_v2.TestCsvExport" name="test_export_payments_csv" time="0.237" /><testcase classname="tests.test_admin_v2.TestScheduler" name="test_scheduler_run_now_empty_ok" time="0.208" /><testcase classname="tests.test_admin_v2.TestScheduler" name="test_scheduler_sends_and_dedupes" time="1.449" /><testcase classname="tests.test_iter3.TestXenditWebhook" name="test_ignored_when_not_pay_prefix" time="0.124" /><testcase classname="tests.test_iter3.TestXenditWebhook" name="test_invalid_payment_id" time="0.100" /><testcase classname="tests.test_iter3.TestXenditWebhook" name="test_paid_marks_payment" time="2.087" /><testcase classname="tests.test_iter3.TestXenditWebhook" name="test_expired_marks_overdue" time="1.115" /><testcase classname="tests.test_iter3.TestGoogleExchange" name="test_invalid_session_id_returns_401" time="0.195" /><testcase classname="tests.test_iter3.TestAnalytics" name="test_analytics_requires_admin" time="0.099" /><testcase classname="tests.test_iter3.TestAnalytics" name="test_analytics_structure" time="0.133" /><testcase classname="tests.test_iter3.TestBsonDates" name="test_due_date_returned_as_iso_string" time="1.107" /><testcase classname="tests.test_iter3.TestSchedulerDedupeBson" name="test_scheduler_dedupe_with_bson_dates" time="1.235"><failure message="AssertionError: assert '6a5c427ac3a7a13c86b9a239' in []">backend/tests/test_iter3.py:199: in test_scheduler_dedupe_with_bson_dates
    assert pid in sent1
E   AssertionError: assert '6a5c427ac3a7a13c86b9a239' in []</failure></testcase><testcase classname="tests.test_iter4.TestReferralRegistration" name="test_register_without_referral" time="0.429" /><testcase classname="tests.test_iter4.TestReferralRegistration" name="test_register_with_referral_code" time="0.956" /><testcase classname="tests.test_iter4.TestReferralRewardFlow" name="test_admin_create_payment_returns_midtrans_fields" time="2.064" /><testcase classname="tests.test_iter4.TestReferralRewardFlow" name="test_mark_paid_credits_both_users" time="0.652" /><testcase classname="tests.test_iter4.TestReferralRewardFlow" name="test_idempotency_second_paid_doesnt_double_credit" time="1.546" /><testcase classname="tests.test_iter4.TestReferralRewardFlow" name="test_referral_credit_auto_applied_on_new_payment" time="3.558" /><testcase classname="tests.test_iter4.TestMidtransWebhook" name="test_webhook_invalid_signature" time="0.099" /><testcase classname="tests.test_iter4.TestMidtransWebhook" name="test_webhook_unknown_order_id_prefix" time="0.116" /><testcase classname="tests.test_iter4.TestMidtransWebhook" name="test_webhook_settlement_marks_paid" time="1.511" /><testcase classname="tests.test_iter4.TestAnalytics" name="test_analytics_structure" time="0.048" /><testcase classname="tests.test_iter5.TestLeaderboardPublic" name="test_leaderboard_shape_no_auth" time="0.105" /><testcase classname="tests.test_iter5.TestLeaderboardPublic" name="test_leaderboard_row_shape_and_ranks" time="0.111" /><testcase classname="tests.test_iter5.TestReferralStatsExtended" name="test_stats_include_new_fields" time="0.491" /><testcase classname="tests.test_iter5.TestTier1Grant" name="test_tier1_granted_after_5" time="8.537" /><testcase classname="tests.test_iter5.TestTier1Grant" name="test_referral_reward_row_tier1_created" time="0.102" /><testcase classname="tests.test_iter5.TestTier1Grant" name="test_maybe_grant_tier_is_idempotent" time="0.055" /><testcase classname="tests.test_iter5.TestFreeMonthConsumption" name="test_free_month_consumed_amount_zero" time="8.340" /><testcase classname="tests.test_iter5.TestTier2Grant" name="test_tier2_after_10" time="63.288"><failure message="requests.exceptions.ConnectTimeout: HTTPSConnectionPool(host='group-stream-admin.preview.emergentagent.com', port=443): Max retries exceeded with url: /api/auth/register (Caused by ConnectTimeoutError(&lt;HTTPSConnection(host='group-stream-admin.preview.emergentagent.com', port=443) at 0xfc41d2e9c610&gt;, 'Connection to group-stream-admin.preview.emergentagent.com timed out. (connect timeout=15)'))">/root/.venv/lib/python3.11/site-packages/urllib3/connection.py:204: in _new_conn
    sock = connection.create_connection(
/root/.venv/lib/python3.11/site-packages/urllib3/util/connection.py:85: in create_connection
    raise err
/root/.venv/lib/python3.11/site-packages/urllib3/util/connection.py:73: in create_connection
    sock.connect(sa)
E   TimeoutError: timed out

The above exception was the direct cause of the following exception:
/root/.venv/lib/python3.11/site-packages/urllib3/connectionpool.py:788: in urlopen
    response = self._make_request(
/root/.venv/lib/python3.11/site-packages/urllib3/connectionpool.py:488: in _make_request
    raise new_e
/root/.venv/lib/python3.11/site-packages/urllib3/connectionpool.py:464: in _make_request
    self._validate_conn(conn)
/root/.venv/lib/python3.11/site-packages/urllib3/connectionpool.py:1106: in _validate_conn
    conn.connect()
/root/.venv/lib/python3.11/site-packages/urllib3/connection.py:759: in connect
    self.sock = sock = self._new_conn()
                       ^^^^^^^^^^^^^^^^
/root/.venv/lib/python3.11/site-packages/urllib3/connection.py:213: in _new_conn
    raise ConnectTimeoutError(
E   urllib3.exceptions.ConnectTimeoutError: (&lt;HTTPSConnection(host='group-stream-admin.preview.emergentagent.com', port=443) at 0xfc41d2e9c610&gt;, 'Connection to group-stream-admin.preview.emergentagent.com timed out. (connect timeout=15)')

The above exception was the direct cause of the following exception:
/root/.venv/lib/python3.11/site-packages/requests/adapters.py:696: in send
    resp = conn.urlopen(
/root/.venv/lib/python3.11/site-packages/urllib3/connectionpool.py:842: in urlopen
    retries = retries.increment(
/root/.venv/lib/python3.11/site-packages/urllib3/util/retry.py:543: in increment
    raise MaxRetryError(_pool, url, reason) from reason  # type: ignore[arg-type]
    ^^^^^^^^^^^^^^^^^^^^^^^^^^^^^^^^^^^^^^^^^^^^^^^^^^^
E   urllib3.exceptions.MaxRetryError: HTTPSConnectionPool(host='group-stream-admin.preview.emergentagent.com', port=443): Max retries exceeded with url: /api/auth/register (Caused by ConnectTimeoutError(&lt;HTTPSConnection(host='group-stream-admin.preview.emergentagent.com', port=443) at 0xfc41d2e9c610&gt;, 'Connection to group-stream-admin.preview.emergentagent.com timed out. (connect timeout=15)'))

During handling of the above exception, another exception occurred:
backend/tests/test_iter5.py:178: in test_tier2_after_10
    _register_and_pay(admin_session, codeR, f"t2_b{i}")
backend/tests/test_iter5.py:57: in _register_and_pay
    sU, meU = _register(prefix, referral_code=referrer_code)
              ^^^^^^^^^^^^^^^^^^^^^^^^^^^^^^^^^^^^^^^^^^^^^^
backend/tests/test_iter5.py:33: in _register
    r = s.post(f"{API}/auth/register", json=payload, timeout=15)
        ^^^^^^^^^^^^^^^^^^^^^^^^^^^^^^^^^^^^^^^^^^^^^^^^^^^^^^^^
/root/.venv/lib/python3.11/site-packages/requests/sessions.py:712: in post
    return self.request("POST", url, data=data, json=json, **kwargs)
           ^^^^^^^^^^^^^^^^^^^^^^^^^^^^^^^^^^^^^^^^^^^^^^^^^^^^^^^^^
/root/.venv/lib/python3.11/site-packages/requests/sessions.py:651: in request
    resp = self.send(prep, **send_kwargs)
           ^^^^^^^^^^^^^^^^^^^^^^^^^^^^^^
/root/.venv/lib/python3.11/site-packages/requests/sessions.py:784: in send
    r = adapter.send(request, **kwargs)
        ^^^^^^^^^^^^^^^^^^^^^^^^^^^^^^^
/root/.venv/lib/python3.11/site-packages/requests/adapters.py:717: in send
    raise ConnectTimeout(e, request=request)
E   requests.exceptions.ConnectTimeout: HTTPSConnectionPool(host='group-stream-admin.preview.emergentagent.com', port=443): Max retries exceeded with url: /api/auth/register (Caused by ConnectTimeoutError(&lt;HTTPSConnection(host='group-stream-admin.preview.emergentagent.com', port=443) at 0xfc41d2e9c610&gt;, 'Connection to group-stream-admin.preview.emergentagent.com timed out. (connect timeout=15)'))</failure></testcase><testcase classname="tests.test_iter5.TestExistingReferralUnaffected" name="test_cash_credit_flow_still_works" time="13.808" /><testcase classname="tests.test_iter6.TestRouterSplitRegression" name="test_admin_analytics_shape" time="0.410" /><testcase classname="tests.test_iter6.TestRouterSplitRegression" name="test_referral_stats_shape" time="0.049" /><testcase classname="tests.test_iter6.TestRouterSplitRegression" name="test_leaderboard_public_no_auth" time="0.108" /><testcase classname="tests.test_iter6.TestRouterSplitRegression" name="test_xendit_webhook_invalid_token" time="0.103" /><testcase classname="tests.test_iter6.TestRouterSplitRegression" name="test_midtrans_webhook_invalid_signature" time="0.101" /><testcase classname="tests.test_iter6.TestRouterSplitRegression" name="test_midtrans_webhook_unknown_order_ignored" time="0.103" /><testcase classname="tests.test_iter6.TestOnboarding" name="test_new_user_percent_40" time="0.419" /><testcase classname="tests.test_iter6.TestOnboarding" name="test_new_user_no_whatsapp_percent_20" time="0.467" /><testcase classname="tests.test_iter6.TestOnboarding" name="test_first_payment_flips_step" time="1.426" /><testcase classname="tests.test_iter6.TestAdminCleanup" name="test_non_admin_forbidden" time="0.414" /><testcase classname="tests.test_iter6.TestAdminCleanup" name="test_cleanup_deletes_and_preserves_admin" time="0.704" /><testcase classname="tests.test_iter6_retest.TestOrganicFirstPayment" name="test_organic_user_first_payment_flips" time="1.759" /><testcase classname="tests.test_iter6_retest.TestReferralRewards" name="test_referred_user_credits_both" time="2.061" /><testcase classname="tests.test_iter6_retest.TestReferralRewards" name="test_second_payment_is_idempotent" time="3.118" /><testcase classname="tests.test_iter7.TestRaceSafeFirstPaid" name="test_parallel_paid_grants_reward_once" time="2.524" /><testcase classname="tests.test_iter7.TestGroupsCRUD" name="test_group_crud_and_credential" time="1.116" /><testcase classname="tests.test_iter7.TestGroupsCRUD" name="test_non_admin_cannot_access_credential" time="0.421" /><testcase classname="tests.test_iter7.TestMyGroups" name="test_user_sees_group_with_credential" time="0.679" /><testcase classname="tests.test_iter7.TestMyGroups" name="test_user_without_group_empty" time="0.440" /><testcase classname="tests.test_iter7.TestMyGroups" name="test_group_no_credential_returns_null" time="0.748" /><testcase classname="tests.test_iter7.TestSubGroupIdAssign" name="test_patch_sub_with_group_id" time="0.628" /><testcase classname="tests.test_iter7.TestPublicAvailability" name="test_availability_unauth" time="0.101" /><testcase classname="tests.test_iter7.TestWaitlist" name="test_waitlist_create_list_delete" time="0.674" /></testsuite></testsuites>