<?xml version="1.0" encoding="utf-8"?><testsuites name="pytest tests"><testsuite name="pytest" errors="0" failures="2" skipped="0" tests="25" time="96.170" timestamp="2026-07-19T10:54:23.597888+00:00" hostname="agent-env-69498485-934b-4198-86da-98b9c6d40638"><testcase classname="tests.test_iter20.TestVoucherCreate" name="test_create_default" time="0.710" /><testcase classname="tests.test_iter20.TestVoucherApply" name="test_apply_global_voucher_reduces_amount" time="2.826" /><testcase classname="tests.test_iter20.TestVoucherCreate" name="test_create_zero_discount_400" time="0.351" /><testcase classname="tests.test_iter20.TestVoucherCreate" name="test_create_duplicate_code_400" time="0.230" /><testcase classname="tests.test_iter20.TestVoucherCreate" name="test_create_targeted" time="1.419" /><testcase classname="tests.test_iter20.TestVoucherCreate" name="test_create_targeted_invalid_user_404" time="0.104" /><testcase classname="tests.test_iter20.TestVoucherListPatchDelete" name="test_list_includes_target_user_info" time="1.682" /><testcase classname="tests.test_iter20.TestVoucherApply" name="test_apply_same_voucher_twice_same_user_blocked" time="2.329" /><testcase classname="tests.test_iter20.TestVoucherListPatchDelete" name="test_patch_disable_then_apply_blocked" time="2.366" /><testcase classname="tests.test_iter20.TestVoucherApply" name="test_apply_to_other_users_payment_403" time="2.951" /><testcase classname="tests.test_iter20.TestVoucherListPatchDelete" name="test_delete" time="0.283" /><testcase classname="tests.test_iter20.TestRegressionIter19" name="test_annual_bonus_12" time="1.703" /><testcase classname="tests.test_iter20.TestVoucherApply" name="test_apply_to_paid_payment_400" time="1.705"><failure message="AssertionError: {&quot;detail&quot;:[{&quot;type&quot;:&quot;missing&quot;,&quot;loc&quot;:[&quot;body&quot;,&quot;payment_id&quot;],&quot;msg&quot;:&quot;Field required&quot;,&quot;input&quot;:{&quot;file_base64&quot;:&quot;data:image/png;base64,iVBOR&quot;,&quot;file_name&quot;:&quot;r.png&quot;},&quot;url&quot;:&quot;https://errors.pydantic.dev/2.13/v/missing&quot;}]}&#10;assert 422 == 200&#10; +  where 422 = &lt;Response [422]&gt;.status_code">backend/tests/test_iter20.py:282: in test_apply_to_paid_payment_400
    assert up.status_code == 200, up.text
E   AssertionError: {"detail":[{"type":"missing","loc":["body","payment_id"],"msg":"Field required","input":{"file_base64":"data:image/png;base64,iVBOR","file_name":"r.png"},"url":"https://errors.pydantic.dev/2.13/v/missing"}]}
E   assert 422 == 200
E    +  where 422 = &lt;Response [422]&gt;.status_code</failure></testcase><testcase classname="tests.test_iter20.TestRegressionIter19" name="test_referral_tiers" time="1.444" /><testcase classname="tests.test_iter20.TestVoucherApply" name="test_apply_when_already_has_voucher_400" time="2.185" /><testcase classname="tests.test_iter20.TestRegressionIter19" name="test_ttl_indexes" time="0.002" /><testcase classname="tests.test_iter20.TestLeaderboard" name="test_run_now_and_idempotent" time="0.230" /><testcase classname="tests.test_iter20.TestLeaderboard" name="test_state_endpoint" time="0.192" /><testcase classname="tests.test_iter20.TestUserVouchers" name="test_targeted_visible_to_owner_not_others" time="3.014" /><testcase classname="tests.test_iter20.TestVoucherApply" name="test_remove_voucher_restores_amount" time="77.582" /><testcase classname="tests.test_iter20.TestAdminSubEdit" name="test_patch_all_fields" time="22.555" /><testcase classname="tests.test_iter20.TestUserSelfRenew" name="test_renew_creates_payment" time="1.533"><failure message="assert 422 == 200&#10; +  where 422 = &lt;Response [422]&gt;.status_code">backend/tests/test_iter20.py:471: in test_renew_creates_payment
    assert up.status_code == 200
E   assert 422 == 200
E    +  where 422 = &lt;Response [422]&gt;.status_code</failure></testcase><testcase classname="tests.test_iter20.TestVoucherApply" name="test_expired_voucher_blocked" time="1.404" /><testcase classname="tests.test_iter20.TestVoucherApply" name="test_max_uses_enforced" time="2.659" /><testcase classname="tests.test_iter20.TestVoucherApply" name="test_percent_discount" time="1.575" /></testsuite></testsuites>