<?xml version="1.0" encoding="utf-8"?><testsuites name="pytest tests"><testsuite name="pytest" errors="0" failures="0" skipped="0" tests="12" time="3.873" timestamp="2026-07-19T07:26:04.798896+00:00" hostname="agent-env-69498485-934b-4198-86da-98b9c6d40638"><testcase classname="tests.test_iter16_email_verify" name="test_register_no_token_creates_verification" time="0.649" /><testcase classname="tests.test_iter16_email_verify" name="test_login_unverified_blocked" time="0.593" /><testcase classname="tests.test_iter16_email_verify" name="test_legacy_user_without_auth_provider_can_login" time="0.452" /><testcase classname="tests.test_iter16_email_verify" name="test_admin_login_still_works" time="0.226" /><testcase classname="tests.test_iter16_email_verify" name="test_verify_email_success_then_reuse_fails" time="0.638" /><testcase classname="tests.test_iter16_email_verify" name="test_verify_email_expired_token" time="0.363" /><testcase classname="tests.test_iter16_email_verify" name="test_verify_email_invalid_token" time="0.003" /><testcase classname="tests.test_iter16_email_verify" name="test_resend_verification_rate_limited" time="0.403" /><testcase classname="tests.test_iter16_email_verify" name="test_resend_verification_creates_new_when_no_recent" time="0.401" /><testcase classname="tests.test_iter16_email_verify" name="test_robots_txt_file_exists" time="0.000" /><testcase classname="tests.test_iter16_email_verify" name="test_sitemap_xml_valid" time="0.005" /><testcase classname="tests.test_iter16_email_verify" name="test_zzz_cleanup" time="0.002" /></testsuite></testsuites>