<?xml version="1.0" encoding="utf-8"?><testsuites name="pytest tests"><testsuite name="pytest" errors="0" failures="0" skipped="0" tests="9" time="38.397" timestamp="2026-07-19T02:17:54.158393+00:00" hostname="agent-env-69498485-934b-4198-86da-98b9c6d40638"><testcase classname="tests.test_iter5.TestLeaderboardPublic" name="test_leaderboard_shape_no_auth" time="0.341" /><testcase classname="tests.test_iter5.TestLeaderboardPublic" name="test_leaderboard_row_shape_and_ranks" time="0.113" /><testcase classname="tests.test_iter5.TestReferralStatsExtended" name="test_stats_include_new_fields" time="0.430" /><testcase classname="tests.test_iter5.TestTier1Grant" name="test_tier1_granted_after_5" time="8.970" /><testcase classname="tests.test_iter5.TestTier1Grant" name="test_referral_reward_row_tier1_created" time="0.132" /><testcase classname="tests.test_iter5.TestTier1Grant" name="test_maybe_grant_tier_is_idempotent" time="0.047" /><testcase classname="tests.test_iter5.TestFreeMonthConsumption" name="test_free_month_consumed_amount_zero" time="8.949" /><testcase classname="tests.test_iter5.TestTier2Grant" name="test_tier2_after_10" time="16.955" /><testcase classname="tests.test_iter5.TestExistingReferralUnaffected" name="test_cash_credit_flow_still_works" time="2.397" /></testsuite></testsuites>