<?xml version="1.0" encoding="utf-8"?><testsuites name="pytest tests"><testsuite name="pytest" errors="0" failures="1" skipped="0" tests="11" time="4.653" timestamp="2026-07-19T02:49:02.671689+00:00" hostname="agent-env-69498485-934b-4198-86da-98b9c6d40638"><testcase classname="tests.test_iter6.TestRouterSplitRegression" name="test_admin_analytics_shape" time="0.470" /><testcase classname="tests.test_iter6.TestRouterSplitRegression" name="test_referral_stats_shape" time="0.056" /><testcase classname="tests.test_iter6.TestRouterSplitRegression" name="test_leaderboard_public_no_auth" time="0.110" /><testcase classname="tests.test_iter6.TestRouterSplitRegression" name="test_xendit_webhook_invalid_token" time="0.181" /><testcase classname="tests.test_iter6.TestRouterSplitRegression" name="test_midtrans_webhook_invalid_signature" time="0.097" /><testcase classname="tests.test_iter6.TestRouterSplitRegression" name="test_midtrans_webhook_unknown_order_ignored" time="0.096" /><testcase classname="tests.test_iter6.TestOnboarding" name="test_new_user_percent_40" time="0.443" /><testcase classname="tests.test_iter6.TestOnboarding" name="test_new_user_no_whatsapp_percent_20" time="0.462" /><testcase classname="tests.test_iter6.TestOnboarding" name="test_first_payment_flips_step" time="1.556"><failure message="assert False is True">backend/tests/test_iter6.py:132: in test_first_payment_flips_step
    assert fp["done"] is True
E   assert False is True</failure></testcase><testcase classname="tests.test_iter6.TestAdminCleanup" name="test_non_admin_forbidden" time="0.406" /><testcase classname="tests.test_iter6.TestAdminCleanup" name="test_cleanup_deletes_and_preserves_admin" time="0.685" /></testsuite></testsuites>