<?xml version="1.0" encoding="utf-8"?><testsuites name="pytest tests"><testsuite name="pytest" errors="0" failures="0" skipped="0" tests="22" time="7.024" timestamp="2026-07-19T04:47:19.718153+00:00" hostname="agent-env-69498485-934b-4198-86da-98b9c6d40638"><testcase classname="tests.test_iter11.TestInvoiceConfig" name="test_get_default" time="0.731" /><testcase classname="tests.test_iter11.TestBulkImport" name="test_import_missing_email_header" time="0.782" /><testcase classname="tests.test_iter11.TestInvoiceConfig" name="test_put_valid" time="0.324" /><testcase classname="tests.test_iter11.TestInvoiceConfig" name="test_put_day_out_of_range[0]" time="0.046" /><testcase classname="tests.test_iter11.TestInvoiceConfig" name="test_put_day_out_of_range[29]" time="0.046" /><testcase classname="tests.test_iter11.TestInvoiceConfig" name="test_put_due_out_of_range[0]" time="0.045" /><testcase classname="tests.test_iter11.TestInvoiceConfig" name="test_put_due_out_of_range[61]" time="0.235" /><testcase classname="tests.test_iter11.TestPaymentConfigBounds" name="test_midtrans_fee_percent_bounds[-1]" time="0.048" /><testcase classname="tests.test_iter11.TestBulkImport" name="test_import_non_admin" time="0.700" /><testcase classname="tests.test_iter11.TestPaymentConfigBounds" name="test_midtrans_fee_percent_bounds[101]" time="0.049" /><testcase classname="tests.test_iter11.TestBulkImport" name="test_import_data_url_and_default_password" time="0.913" /><testcase classname="tests.test_iter11.TestPaymentConfigBounds" name="test_midtrans_fee_percent_bounds[200]" time="0.271" /><testcase classname="tests.test_iter11.TestPaymentConfigBounds" name="test_midtrans_fee_percent_valid" time="0.233" /><testcase classname="tests.test_iter11.TestGeneralConfig" name="test_get_default" time="0.044" /><testcase classname="tests.test_iter11.TestGeneralConfig" name="test_put_valid_persists" time="0.311" /><testcase classname="tests.test_iter11.TestGeneralConfig" name="test_put_short_password_rejected" time="0.044" /><testcase classname="tests.test_iter11.TestBulkImport" name="test_import_duplicate_email_skipped" time="0.554" /><testcase classname="tests.test_iter11.TestTemplate" name="test_template_csv_admin" time="0.238" /><testcase classname="tests.test_iter11.TestBulkImport" name="test_import_3_valid_plus_1_duplicate" time="1.322" /><testcase classname="tests.test_iter11.TestTemplate" name="test_template_csv_non_admin" time="0.881" /><testcase classname="tests.test_iter11.TestInvoiceGenerator" name="test_non_admin_forbidden" time="0.047" /><testcase classname="tests.test_iter11.TestInvoiceGenerator" name="test_generate_now_e2e_and_idempotent" time="2.076" /></testsuite></testsuites>