<?xml version="1.0" encoding="utf-8"?><testsuites name="pytest tests"><testsuite name="pytest" errors="0" failures="0" skipped="0" tests="20" time="4.231" timestamp="2026-07-19T06:25:25.462712+00:00" hostname="agent-env-69498485-934b-4198-86da-98b9c6d40638"><testcase classname="tests.test_iter14.TestForgotPasswordRateLimit" name="test_first_call_ok" time="1.674" /><testcase classname="tests.test_iter14.TestAbout" name="test_public_defaults" time="0.135" /><testcase classname="tests.test_iter14.TestAbout" name="test_admin_put_persists" time="0.142" /><testcase classname="tests.test_iter14.TestAbout" name="test_non_admin_forbidden" time="0.404" /><testcase classname="tests.test_iter14.TestBlog" name="test_create_draft_and_public_hidden" time="0.315" /><testcase classname="tests.test_iter14.TestBlog" name="test_publish_and_appears" time="0.242" /><testcase classname="tests.test_iter14.TestBlog" name="test_duplicate_slug_suffix_on_create" time="0.044" /><testcase classname="tests.test_iter14.TestBlog" name="test_duplicate_slug_patch_400" time="0.044" /><testcase classname="tests.test_iter14.TestBlog" name="test_tag_filter_and_ranking" time="0.095" /><testcase classname="tests.test_iter14.TestBlog" name="test_excerpt_too_long_422" time="0.044" /><testcase classname="tests.test_iter14.TestBlog" name="test_empty_title_422" time="0.043" /><testcase classname="tests.test_iter14.TestBlog" name="test_non_admin_protected" time="0.093" /><testcase classname="tests.test_iter14.TestBlog" name="test_delete" time="0.089" /><testcase classname="tests.test_iter14.TestAnnouncements" name="test_create_all_and_user_sees" time="0.116" /><testcase classname="tests.test_iter14.TestAnnouncements" name="test_severity_invalid_422" time="0.044" /><testcase classname="tests.test_iter14.TestAnnouncements" name="test_target_invalid_422" time="0.044" /><testcase classname="tests.test_iter14.TestAnnouncements" name="test_service_scoped_not_seen_by_unsubscribed_user" time="0.138" /><testcase classname="tests.test_iter14.TestAnnouncements" name="test_dismiss_removes_from_only_active" time="0.147" /><testcase classname="tests.test_iter14.TestAnnouncements" name="test_expired_not_returned" time="0.156" /><testcase classname="tests.test_iter14.TestAnnouncements" name="test_cleanup" time="0.136" /></testsuite></testsuites>