<?xml version="1.0" encoding="utf-8"?><testsuites name="pytest tests"><testsuite name="pytest" errors="0" failures="1" skipped="0" tests="17" time="2.532" timestamp="2026-07-19T11:24:38.564856+00:00" hostname="agent-env-69498485-934b-4198-86da-98b9c6d40638"><testcase classname="tests.test_iter21" name="test_db_users_only_admin" time="0.001" /><testcase classname="tests.test_iter21" name="test_db_services_exactly_three_core" time="0.001" /><testcase classname="tests.test_iter21" name="test_db_collections_empty[subscriptions]" time="0.001" /><testcase classname="tests.test_iter21" name="test_db_collections_empty[payments]" time="0.001" /><testcase classname="tests.test_iter21" name="test_db_collections_empty[vouchers]" time="0.001" /><testcase classname="tests.test_iter21" name="test_db_collections_empty[groups]" time="0.001"><failure message="AssertionError: groups has 2 docs&#10;assert 2 == 0">backend/tests/test_iter21.py:48: in test_db_collections_empty
    assert count == 0, f"{coll} has {count} docs"
E   AssertionError: groups has 2 docs
E   assert 2 == 0</failure></testcase><testcase classname="tests.test_iter21" name="test_db_collections_empty[voucher_redemptions]" time="0.001" /><testcase classname="tests.test_iter21" name="test_db_collections_empty[email_verifications]" time="0.001" /><testcase classname="tests.test_iter21" name="test_db_collections_empty[password_resets]" time="0.000" /><testcase classname="tests.test_iter21" name="test_db_collections_empty[referral_rewards]" time="0.001" /><testcase classname="tests.test_iter21" name="test_db_collections_empty[waitlist]" time="0.000" /><testcase classname="tests.test_iter21" name="test_db_collections_empty[testimonials]" time="0.000" /><testcase classname="tests.test_iter21" name="test_admin_login" time="0.358" /><testcase classname="tests.test_iter21" name="test_services_endpoint" time="0.103" /><testcase classname="tests.test_iter21" name="test_register_works" time="0.805" /><testcase classname="tests.test_iter21" name="test_upload_receipt_without_payment_id_in_body" time="0.715" /><testcase classname="tests.test_iter21" name="test_upload_receipt_with_extra_payment_id_in_body" time="0.397" /></testsuite></testsuites>