<?xml version="1.0" encoding="utf-8"?><testsuites name="pytest tests"><testsuite name="pytest" errors="0" failures="0" skipped="0" tests="25" time="6.518" timestamp="2026-07-18T13:36:31.542942+00:00" hostname="agent-env-69498485-934b-4198-86da-98b9c6d40638"><testcase classname="tests.backend_test.TestAuth" name="test_register_returns_token_and_user" time="0.376" /><testcase classname="tests.backend_test.TestAuth" name="test_register_duplicate" time="0.118" /><testcase classname="tests.backend_test.TestAuth" name="test_login_admin" time="0.333" /><testcase classname="tests.backend_test.TestAuth" name="test_login_wrong_password" time="0.350" /><testcase classname="tests.backend_test.TestAuth" name="test_me" time="0.098" /><testcase classname="tests.backend_test.TestAuth" name="test_me_no_token" time="0.106" /><testcase classname="tests.backend_test.TestAuth" name="test_update_profile" time="0.094" /><testcase classname="tests.backend_test.TestAuth" name="test_change_password_wrong_current" time="0.317" /><testcase classname="tests.backend_test.TestAuth" name="test_change_password_success" time="1.414" /><testcase classname="tests.backend_test.TestServicesPublic" name="test_list_services" time="0.124" /><testcase classname="tests.backend_test.TestAdminAuthorization" name="test_non_admin_forbidden" time="0.095" /><testcase classname="tests.backend_test.TestAdminUsers" name="test_list" time="0.117" /><testcase classname="tests.backend_test.TestAdminUsers" name="test_create_update_delete" time="0.527" /><testcase classname="tests.backend_test.TestAdminServices" name="test_service_crud_and_plan" time="0.609" /><testcase classname="tests.backend_test.TestSubscriptions" name="test_admin_list_has_join" time="0.293" /><testcase classname="tests.backend_test.TestSubscriptions" name="test_user_sees_own_subs" time="0.091" /><testcase classname="tests.backend_test.TestPayments" name="test_admin_list" time="0.226" /><testcase classname="tests.backend_test.TestPayments" name="test_user_sees_own_payments" time="0.098" /><testcase classname="tests.backend_test.TestPayments" name="test_update_status" time="0.123" /><testcase classname="tests.backend_test.TestPayments" name="test_upload_receipt_owner" time="0.094" /><testcase classname="tests.backend_test.TestPayments" name="test_upload_receipt_non_owner_forbidden" time="0.446" /><testcase classname="tests.backend_test.TestReminder" name="test_get_config" time="0.096" /><testcase classname="tests.backend_test.TestReminder" name="test_put_config" time="0.102" /><testcase classname="tests.backend_test.TestReminder" name="test_send_reminder_mocked" time="0.121" /><testcase classname="tests.backend_test.TestAdminStats" name="test_stats" time="0.093" /></testsuite></testsuites>