<?xml version="1.0" encoding="utf-8"?><testsuites name="pytest tests"><testsuite name="pytest" errors="0" failures="0" skipped="0" tests="11" time="4.869" timestamp="2026-07-18T13:51:21.244071+00:00" hostname="agent-env-69498485-934b-4198-86da-98b9c6d40638"><testcase classname="tests.test_admin_v2.TestLogsEndpoint" name="test_admin_logs_ok" time="0.606" /><testcase classname="tests.test_admin_v2.TestLogsEndpoint" name="test_admin_logs_pagination" time="0.103" /><testcase classname="tests.test_admin_v2.TestLogsEndpoint" name="test_non_admin_forbidden" time="0.446" /><testcase classname="tests.test_admin_v2.TestActionsLogged" name="test_create_user_logged" time="0.698" /><testcase classname="tests.test_admin_v2.TestActionsLogged" name="test_create_delete_service_logged" time="0.337" /><testcase classname="tests.test_admin_v2.TestBulkDelete" name="test_bulk_delete_skips_admin" time="0.713" /><testcase classname="tests.test_admin_v2.TestBulkRemind" name="test_bulk_remind" time="0.713" /><testcase classname="tests.test_admin_v2.TestCsvExport" name="test_export_users_csv" time="0.195" /><testcase classname="tests.test_admin_v2.TestCsvExport" name="test_export_payments_csv" time="0.215" /><testcase classname="tests.test_admin_v2.TestScheduler" name="test_scheduler_run_now_empty_ok" time="0.196" /><testcase classname="tests.test_admin_v2.TestScheduler" name="test_scheduler_sends_and_dedupes" time="0.547" /></testsuite></testsuites>