<?xml version="1.0" encoding="utf-8"?><testsuites name="pytest tests"><testsuite name="pytest" errors="0" failures="0" skipped="0" tests="45" time="15.067" timestamp="2026-07-18T14:09:01.950676+00:00" hostname="agent-env-69498485-934b-4198-86da-98b9c6d40638"><testcase classname="tests.backend_test.TestAuth" name="test_register_returns_token_and_user" time="0.540" /><testcase classname="tests.backend_test.TestAuth" name="test_register_duplicate" time="0.133" /><testcase classname="tests.backend_test.TestAuth" name="test_login_admin" time="0.327" /><testcase classname="tests.backend_test.TestAuth" name="test_login_wrong_password" time="0.368" /><testcase classname="tests.backend_test.TestAuth" name="test_me" time="0.115" /><testcase classname="tests.backend_test.TestAuth" name="test_me_no_token" time="0.143" /><testcase classname="tests.backend_test.TestAuth" name="test_update_profile" time="0.168" /><testcase classname="tests.backend_test.TestAuth" name="test_change_password_wrong_current" time="0.324" /><testcase classname="tests.backend_test.TestAuth" name="test_change_password_success" time="1.490" /><testcase classname="tests.backend_test.TestServicesPublic" name="test_list_services" time="0.132" /><testcase classname="tests.backend_test.TestAdminAuthorization" name="test_non_admin_forbidden" time="0.132" /><testcase classname="tests.backend_test.TestAdminUsers" name="test_list" time="0.115" /><testcase classname="tests.backend_test.TestAdminUsers" name="test_create_update_delete" time="0.521" /><testcase classname="tests.backend_test.TestAdminServices" name="test_service_crud_and_plan" time="0.761" /><testcase classname="tests.backend_test.TestSubscriptions" name="test_admin_list_has_join" time="0.366" /><testcase classname="tests.backend_test.TestSubscriptions" name="test_user_sees_own_subs" time="0.118" /><testcase classname="tests.backend_test.TestPayments" name="test_admin_list" time="0.200" /><testcase classname="tests.backend_test.TestPayments" name="test_user_sees_own_payments" time="0.097" /><testcase classname="tests.backend_test.TestPayments" name="test_update_status" time="0.102" /><testcase classname="tests.backend_test.TestPayments" name="test_upload_receipt_owner" time="0.109" /><testcase classname="tests.backend_test.TestPayments" name="test_upload_receipt_non_owner_forbidden" time="0.410" /><testcase classname="tests.backend_test.TestReminder" name="test_get_config" time="0.100" /><testcase classname="tests.backend_test.TestReminder" name="test_put_config" time="0.105" /><testcase classname="tests.backend_test.TestReminder" name="test_send_reminder_mocked" time="0.121" /><testcase classname="tests.backend_test.TestAdminStats" name="test_stats" time="0.094" /><testcase classname="tests.test_admin_v2.TestLogsEndpoint" name="test_admin_logs_ok" time="0.444" /><testcase classname="tests.test_admin_v2.TestLogsEndpoint" name="test_admin_logs_pagination" time="0.109" /><testcase classname="tests.test_admin_v2.TestLogsEndpoint" name="test_non_admin_forbidden" time="0.454" /><testcase classname="tests.test_admin_v2.TestActionsLogged" name="test_create_user_logged" time="0.654" /><testcase classname="tests.test_admin_v2.TestActionsLogged" name="test_create_delete_service_logged" time="0.324" /><testcase classname="tests.test_admin_v2.TestBulkDelete" name="test_bulk_delete_skips_admin" time="0.775" /><testcase classname="tests.test_admin_v2.TestBulkRemind" name="test_bulk_remind" time="0.798" /><testcase classname="tests.test_admin_v2.TestCsvExport" name="test_export_users_csv" time="0.220" /><testcase classname="tests.test_admin_v2.TestCsvExport" name="test_export_payments_csv" time="0.218" /><testcase classname="tests.test_admin_v2.TestScheduler" name="test_scheduler_run_now_empty_ok" time="0.205" /><testcase classname="tests.test_admin_v2.TestScheduler" name="test_scheduler_sends_and_dedupes" time="0.514" /><testcase classname="tests.test_iter3.TestXenditWebhook" name="test_ignored_when_not_pay_prefix" time="0.104" /><testcase classname="tests.test_iter3.TestXenditWebhook" name="test_invalid_payment_id" time="0.097" /><testcase classname="tests.test_iter3.TestXenditWebhook" name="test_paid_marks_payment" time="1.307" /><testcase classname="tests.test_iter3.TestXenditWebhook" name="test_expired_marks_overdue" time="0.314" /><testcase classname="tests.test_iter3.TestGoogleExchange" name="test_invalid_session_id_returns_401" time="0.236" /><testcase classname="tests.test_iter3.TestAnalytics" name="test_analytics_requires_admin" time="0.098" /><testcase classname="tests.test_iter3.TestAnalytics" name="test_analytics_structure" time="0.112" /><testcase classname="tests.test_iter3.TestBsonDates" name="test_due_date_returned_as_iso_string" time="0.327" /><testcase classname="tests.test_iter3.TestSchedulerDedupeBson" name="test_scheduler_dedupe_with_bson_dates" time="0.553" /></testsuite></testsuites>